start
start
11
start
start
start
start
start
start
start
start
start
start
start
here 1
Array
(
)

start
here 1
Array
(
    [submit] => 1
    [name] => a
    [username] => a
    [email] => a
    [street] => a
    [suite] => a
    [city] => a
    [zipcode] => a
    [lat] => a
    [lng] => a
    [phone] => a
    [website] => a
    [company] => a
    [catchPhrase] => a
    [bs] => a
)

here submit
start
start
here 1
Array
(
)

start
here 1
Array
(
    [submit] => 1
    [name] => a
    [username] => a
    [email] => a
    [street] => a
    [suite] => a
    [city] => a
    [zipcode] => a
    [lat] => a
    [lng] => a
    [phone] => a
    [website] => a
    [company] => a
    [catchPhrase] => a
    [bs] => a
)

here submit
start
here 1
Array
(
    [submit] => 1
    [name] => a
    [username] => a
    [email] => a
    [street] => a
    [suite] => a
    [city] => a
    [zipcode] => a
    [lat] => a
    [lng] => a
    [phone] => a
    [website] => a
    [company] => a
    [catchPhrase] => a
    [bs] => a
)

here submit
start
here 1
Array
(
)

start
here 1
Array
(
)

start
here 1
Array
(
)

start
here 1
Array
(
)

start
here 1
Array
(
)

start
here 1
Array
(
)

start
here 1
Array
(
)

start
here 1
Array
(
)

start
here 1
Array
(
)

start
here 1
Array
(
)

start
here 1
Array
(
)

start
here 1
Array
(
)

start
here 1
Array
(
)

start
here 1
Array
(
)

start
here 1
Array
(
)

start
start
start
start
start
start
start
start
start
start
start
start
start
start
start
start
start
start
start
start
start
start
